# Database Performance with Table Partitioning

This document explains the concept of table partitioning, why it's a critical strategy for managing very large databases (VLDBs), and analyzes its implementation in this project.

## 1. The Problem: Performance Degradation in Large Tables

As a database table like `Booking` grows to millions or billions of rows, performance begins to degrade significantly, even with proper indexing.

-   **Slow Queries:** A simple query like `SELECT * FROM Booking WHERE start_date BETWEEN '...' AND '...'` requires the database to scan a massive index and then fetch data from a huge table, leading to slow response times.
-   **Maintenance Nightmares:** Operations like deleting old data (`DELETE FROM Booking WHERE start_date < '2020-01-01'`) become table-locking, resource-intensive tasks that can take hours and impact application availability.
-   **Index Bloat:** Indexes themselves become enormous, consuming vast amounts of disk space and slowing down write operations (`INSERT`, `UPDATE`).

## 2. The Solution: Table Partitioning

Table partitioning is a technique for splitting one large, logical table into smaller, more manageable physical pieces called **partitions**. You continue to query the main "parent" table, but PostgreSQL is smart enough to work with only the smaller, relevant partitions underneath.

The primary benefit is **Partition Pruning**: the ability of the query planner to ignore and not even access partitions that could not possibly contain the data requested in a `WHERE` clause.

### Analogy: Filing Cabinet

-   **Non-Partitioned Table:** A single, giant filing cabinet drawer with millions of folders. Finding a specific folder is slow.
-   **Partitioned Table:** A cabinet with a separate, labeled drawer for each year ("2022", "2023", "2024"). To find a file from 2023, you ignore all other drawers and go straight to the "2023" drawer. To delete all 2022 data, you simply throw away the "2022" drawerâ€”an instantaneous operation.

## 3. Implementation and Analysis in This Project

We implemented **Range Partitioning** on the `Booking` table using the `start_date` column as the partition key.

### The Query

We ran a query to find all bookings occurring after a specific date.
```sql
EXPLAIN ANALYZE
SELECT * FROM Booking_partition
WHERE start_date > '2023-03-24';
```

### The `EXPLAIN ANALYZE` Output

```
                                                     QUERY PLAN
--------------------------------------------------------------------------------------------------------------------
 Append  (cost=0.00..37.85 rows=420 width=100) (actual time=0.060..0.067 rows=2 loops=1)
   ->  Seq Scan on booking_2023_h1  (cost=0.00..17.88 rows=210 width=100) (actual time=0.019..0.019 rows=0 loops=1)
         Filter: (start_date > '2023-03-24'::date)
   ->  Seq Scan on booking_2023_h2  (cost=0.00..17.88 rows=210 width=100) (actual time=0.038..0.041 rows=2 loops=1)
         Filter: (start_date > '2023-03-24'::date)
 Planning Time: 1.153 ms
 Execution Time: 0.440 ms
```

### Analysis of the Plan

-   **`Append` Node:** This is the top-level operation, indicating that the planner is combining results from multiple child tables (partitions).
-   **`Seq Scan on booking_2023_h1`**: The planner correctly identified that the `booking_2023_h1` partition (covering Jan 1 to Jul 1) **could contain** relevant data, so it performed a scan on this small table.
-   **`Seq Scan on booking_2023_h2`**: The planner also identified that the `booking_2023_h2` partition (covering Jul 1 to Dec 31) **could contain** relevant data and scanned it as well.

### The Proof of Partition Pruning

The most critical insight is what is **missing** from the plan. If we had partitions for the years 2022 or 2024, they would not appear in this plan at all. The planner knew that a date after March 2023 could never exist in those partitions and "pruned" them from the query entirely.

**Conclusion:** Instead of scanning one massive table, the query only had to scan two very small, relevant partitions. This demonstrates a massive performance improvement that scales with data size. For a real-world database with billions of rows, this technique reduces query times from minutes or hours down to seconds or milliseconds.